<?xml version="1.0" encoding="UTF-8"?>
<testng-results skipped="0" failed="0" ignored="0" total="2" passed="2">
  <reporter-output>
  </reporter-output>
  <suite name="Default suite" duration-ms="107341" started-at="2019-12-18T12:24:25 IST" finished-at="2019-12-18T12:26:12 IST">
    <groups>
    </groups>
    <test name="Default test" duration-ms="107341" started-at="2019-12-18T12:24:25 IST" finished-at="2019-12-18T12:26:12 IST">
      <class name="com.abc.prices.Controller">
        <test-method status="PASS" signature="beforeMethod()[pri:0, instance:com.abc.prices.Controller@3108bc]" name="beforeMethod" is-config="true" duration-ms="24304" started-at="2019-12-18T12:24:25 IST" finished-at="2019-12-18T12:24:49 IST">
          <reporter-output>
          </reporter-output>
        </test-method> <!-- beforeMethod -->
        <test-method status="PASS" signature="testcase()[pri:0, instance:com.abc.prices.Controller@3108bc]" name="testcase" duration-ms="35186" started-at="2019-12-18T12:24:49 IST" finished-at="2019-12-18T12:25:25 IST">
          <reporter-output>
          </reporter-output>
        </test-method> <!-- testcase -->
        <test-method status="PASS" signature="beforeMethod()[pri:0, instance:com.abc.prices.Controller@3108bc]" name="beforeMethod" is-config="true" duration-ms="25628" started-at="2019-12-18T12:25:25 IST" finished-at="2019-12-18T12:25:50 IST">
          <reporter-output>
          </reporter-output>
        </test-method> <!-- beforeMethod -->
        <test-method status="PASS" signature="testcase2()[pri:0, instance:com.abc.prices.Controller@3108bc]" name="testcase2" duration-ms="22041" started-at="2019-12-18T12:25:50 IST" finished-at="2019-12-18T12:26:12 IST">
          <reporter-output>
          </reporter-output>
        </test-method> <!-- testcase2 -->
      </class> <!-- com.abc.prices.Controller -->
    </test> <!-- Default test -->
  </suite> <!-- Default suite -->
</testng-results>
